<?xml version="1.0" encoding="utf-8"?><testsuites name="pytest tests"><testsuite name="pytest" errors="0" failures="0" skipped="0" tests="14" time="1.946" timestamp="2026-05-28T09:56:53.130060+00:00" hostname="agent-env-a722ce54-128a-4052-be34-aff6693f4401"><testcase classname="backend.tests.test_push_notifications" name="test_vapid_public_key" time="0.208" /><testcase classname="backend.tests.test_push_notifications" name="test_subscribe_valid" time="0.226" /><testcase classname="backend.tests.test_push_notifications" name="test_subscribe_invalid_empty" time="0.118" /><testcase classname="backend.tests.test_push_notifications" name="test_unsubscribe_idempotent" time="0.176" /><testcase classname="backend.tests.test_push_notifications" name="test_push_test_missing_device" time="0.161" /><testcase classname="backend.tests.test_push_notifications" name="test_cron_without_secret" time="0.140" /><testcase classname="backend.tests.test_push_notifications" name="test_cron_with_secret" time="0.114" /><testcase classname="backend.tests.test_push_notifications" name="test_cron_with_wrong_secret" time="0.105" /><testcase classname="backend.tests.test_push_notifications" name="test_email_health_configured" time="0.106" /><testcase classname="backend.tests.test_push_notifications" name="test_root" time="0.098" /><testcase classname="backend.tests.test_push_notifications" name="test_users_init_and_premium_status" time="0.103" /><testcase classname="backend.tests.test_push_notifications" name="test_affiliate_preview" time="0.111" /><testcase classname="backend.tests.test_push_notifications" name="test_magic_link_request_invalid_email" time="0.102" /><testcase classname="backend.tests.test_push_notifications" name="test_service_worker_reachable" time="0.103" /></testsuite></testsuites>