<?xml version="1.0" encoding="utf-8"?><testsuites name="pytest tests"><testsuite name="pytest" errors="0" failures="0" skipped="0" tests="12" time="4.938" timestamp="2026-05-26T05:27:54.423083+00:00" hostname="agent-env-a722ce54-128a-4052-be34-aff6693f4401"><testcase classname="backend.tests.test_iter7_magic_link.TestMagicLinkRequest" name="test_valid_returns_dev_link" time="0.293" /><testcase classname="backend.tests.test_iter7_magic_link.TestMagicLinkRequest" name="test_invalid_email_400" time="0.215" /><testcase classname="backend.tests.test_iter7_magic_link.TestMagicLinkRequest" name="test_unknown_device_404" time="0.144" /><testcase classname="backend.tests.test_iter7_magic_link.TestMagicLinkVerify" name="test_verify_happy" time="0.372" /><testcase classname="backend.tests.test_iter7_magic_link.TestMagicLinkVerify" name="test_verify_reuse_400" time="0.504" /><testcase classname="backend.tests.test_iter7_magic_link.TestMagicLinkVerify" name="test_verify_invalid_400" time="0.222" /><testcase classname="backend.tests.test_iter7_magic_link.TestCrossDeviceTransfer" name="test_lifetime_inherits_to_new_device" time="1.019" /><testcase classname="backend.tests.test_iter7_magic_link.TestAccountMe" name="test_unlinked_device_returns_linked_false" time="0.207" /><testcase classname="backend.tests.test_iter7_magic_link.TestAccountUnlink" name="test_unlink_reverts_to_device_premium" time="0.813" /><testcase classname="backend.tests.test_iter7_magic_link.TestRegression" name="test_users_init_works" time="0.108" /><testcase classname="backend.tests.test_iter7_magic_link.TestRegression" name="test_checkout_session_aud" time="0.784" /><testcase classname="backend.tests.test_iter7_magic_link.TestRegression" name="test_affiliate_preview" time="0.107" /></testsuite></testsuites>