<?xml version="1.0" encoding="utf-8"?><testsuites name="pytest tests"><testsuite name="pytest" errors="0" failures="0" skipped="0" tests="12" time="2.872" timestamp="2026-05-26T05:05:38.838820+00:00" hostname="agent-env-a722ce54-128a-4052-be34-aff6693f4401"><testcase classname="backend.tests.test_premium_api" name="test_root_status_ok" time="0.183" /><testcase classname="backend.tests.test_premium_api" name="test_users_init_creates_user_with_trial" time="0.066" /><testcase classname="backend.tests.test_premium_api" name="test_users_init_idempotent" time="0.101" /><testcase classname="backend.tests.test_premium_api" name="test_get_premium_status_existing" time="0.103" /><testcase classname="backend.tests.test_premium_api" name="test_get_premium_status_unknown_device" time="0.061" /><testcase classname="backend.tests.test_premium_api" name="test_checkout_monthly_returns_stripe_url" time="0.645" /><testcase classname="backend.tests.test_premium_api" name="test_checkout_lifetime_amount" time="0.497" /><testcase classname="backend.tests.test_premium_api" name="test_checkout_invalid_package" time="0.105" /><testcase classname="backend.tests.test_premium_api" name="test_checkout_status_fresh_not_paid" time="0.749" /><testcase classname="backend.tests.test_premium_api" name="test_analytics_event_stored" time="0.053" /><testcase classname="backend.tests.test_premium_api" name="test_affiliate_preview" time="0.050" /><testcase classname="backend.tests.test_premium_api" name="test_referrer_flow_creates_referral_record" time="0.107" /></testsuite></testsuites>