<?xml version="1.0" encoding="utf-8"?><testsuites name="pytest tests"><testsuite name="pytest" errors="0" failures="0" skipped="0" tests="12" time="2.838" timestamp="2026-05-26T04:54:46.508845+00:00" hostname="agent-env-a722ce54-128a-4052-be34-aff6693f4401"><testcase classname="backend.tests.test_premium_api" name="test_root_status_ok" time="0.184" /><testcase classname="backend.tests.test_premium_api" name="test_users_init_creates_user_with_trial" time="0.054" /><testcase classname="backend.tests.test_premium_api" name="test_users_init_idempotent" time="0.096" /><testcase classname="backend.tests.test_premium_api" name="test_get_premium_status_existing" time="0.099" /><testcase classname="backend.tests.test_premium_api" name="test_get_premium_status_unknown_device" time="0.049" /><testcase classname="backend.tests.test_premium_api" name="test_checkout_monthly_returns_stripe_url" time="0.664" /><testcase classname="backend.tests.test_premium_api" name="test_checkout_lifetime_amount" time="0.475" /><testcase classname="backend.tests.test_premium_api" name="test_checkout_invalid_package" time="0.094" /><testcase classname="backend.tests.test_premium_api" name="test_checkout_status_fresh_not_paid" time="0.760" /><testcase classname="backend.tests.test_premium_api" name="test_analytics_event_stored" time="0.052" /><testcase classname="backend.tests.test_premium_api" name="test_affiliate_preview" time="0.050" /><testcase classname="backend.tests.test_premium_api" name="test_referrer_flow_creates_referral_record" time="0.113" /></testsuite></testsuites>